0 info it worked if it ends with ok
1 verbose cli [ 'node', '/usr/local/bin/npm', 'install' ]
2 info using npm@1.2.17
3 info using node@v0.10.3
4 verbose read json /Users/Dikshyant/cs132_final/package.json
5 verbose readDependencies using package.json deps
6 verbose install where, deps [ '/Users/Dikshyant/cs132_final',
6 verbose install   [ 'express',
6 verbose install     'any-db',
6 verbose install     'hogan.js',
6 verbose install     'consolidate',
6 verbose install     'sqlite3',
6 verbose install     'nunjucks',
6 verbose install     'sequelize',
6 verbose install     'bindings',
6 verbose install     'socket.io',
6 verbose install     'connect',
6 verbose install     'cookie' ] ]
7 verbose from cache /Users/Dikshyant/cs132_final/package.json
8 info preinstall Chatroom@0.0.1
9 verbose read json /Users/Dikshyant/cs132_final/node_modules/any-db/package.json
10 verbose read json /Users/Dikshyant/cs132_final/node_modules/bindings/package.json
11 verbose read json /Users/Dikshyant/cs132_final/node_modules/connect/package.json
12 verbose read json /Users/Dikshyant/cs132_final/node_modules/consolidate/package.json
13 verbose read json /Users/Dikshyant/cs132_final/node_modules/cookie/package.json
14 verbose read json /Users/Dikshyant/cs132_final/node_modules/express/package.json
15 verbose read json /Users/Dikshyant/cs132_final/node_modules/hogan.js/package.json
16 verbose read json /Users/Dikshyant/cs132_final/node_modules/nunjucks/package.json
17 verbose read json /Users/Dikshyant/cs132_final/node_modules/sequelize/package.json
18 verbose read json /Users/Dikshyant/cs132_final/node_modules/socket.io/package.json
19 verbose from cache /Users/Dikshyant/cs132_final/package.json
20 verbose readDependencies using package.json deps
21 verbose from cache /Users/Dikshyant/cs132_final/node_modules/any-db/package.json
22 verbose from cache /Users/Dikshyant/cs132_final/node_modules/bindings/package.json
23 verbose from cache /Users/Dikshyant/cs132_final/node_modules/connect/package.json
24 verbose from cache /Users/Dikshyant/cs132_final/node_modules/consolidate/package.json
25 verbose from cache /Users/Dikshyant/cs132_final/node_modules/cookie/package.json
26 verbose from cache /Users/Dikshyant/cs132_final/node_modules/express/package.json
27 verbose from cache /Users/Dikshyant/cs132_final/node_modules/hogan.js/package.json
28 verbose from cache /Users/Dikshyant/cs132_final/node_modules/nunjucks/package.json
29 verbose from cache /Users/Dikshyant/cs132_final/node_modules/sequelize/package.json
30 verbose from cache /Users/Dikshyant/cs132_final/node_modules/socket.io/package.json
31 verbose already installed skipping any-db@0.3.x /Users/Dikshyant/cs132_final
32 verbose already installed skipping consolidate@0.7.x /Users/Dikshyant/cs132_final
33 verbose already installed skipping hogan.js@2.0.x /Users/Dikshyant/cs132_final
34 verbose cache add [ 'sqlite3@2.1.x', null ]
35 verbose cache add name=undefined spec="sqlite3@2.1.x" args=["sqlite3@2.1.x",null]
36 verbose parsed url { protocol: null,
36 verbose parsed url   slashes: null,
36 verbose parsed url   auth: null,
36 verbose parsed url   host: null,
36 verbose parsed url   port: null,
36 verbose parsed url   hostname: null,
36 verbose parsed url   hash: null,
36 verbose parsed url   search: null,
36 verbose parsed url   query: null,
36 verbose parsed url   pathname: 'sqlite3@2.1.x',
36 verbose parsed url   path: 'sqlite3@2.1.x',
36 verbose parsed url   href: 'sqlite3@2.1.x' }
37 verbose cache add name="sqlite3" spec="2.1.x" args=["sqlite3","2.1.x"]
38 verbose parsed url { protocol: null,
38 verbose parsed url   slashes: null,
38 verbose parsed url   auth: null,
38 verbose parsed url   host: null,
38 verbose parsed url   port: null,
38 verbose parsed url   hostname: null,
38 verbose parsed url   hash: null,
38 verbose parsed url   search: null,
38 verbose parsed url   query: null,
38 verbose parsed url   pathname: '2.1.x',
38 verbose parsed url   path: '2.1.x',
38 verbose parsed url   href: '2.1.x' }
39 verbose addNamed [ 'sqlite3', '2.1.x' ]
40 verbose addNamed [ null, '>=2.1.0- <2.2.0-' ]
41 verbose already installed skipping sequelize@1.4.1 /Users/Dikshyant/cs132_final
42 verbose already installed skipping nunjucks@0.1.x /Users/Dikshyant/cs132_final
43 silly lockFile f8e0a811-sqlite3-2-1-x sqlite3@2.1.x
44 verbose lock sqlite3@2.1.x /Users/Dikshyant/.npm/f8e0a811-sqlite3-2-1-x.lock
45 verbose already installed skipping bindings@1.1.0 /Users/Dikshyant/cs132_final
46 silly addNameRange { name: 'sqlite3', range: '>=2.1.0- <2.2.0-', hasData: false }
47 verbose already installed skipping connect@* /Users/Dikshyant/cs132_final
48 verbose already installed skipping socket.io@* /Users/Dikshyant/cs132_final
49 verbose already installed skipping cookie@* /Users/Dikshyant/cs132_final
50 verbose url raw sqlite3
51 verbose url resolving [ 'https://registry.npmjs.org/', './sqlite3' ]
52 verbose url resolved https://registry.npmjs.org/sqlite3
53 info trying registry request attempt 1 at 10:10:14
54 verbose etag "6CA1MLLWIUC6TF4BWJAJN698R"
55 http GET https://registry.npmjs.org/sqlite3
56 verbose already installed skipping express@3.0.x /Users/Dikshyant/cs132_final
57 http 304 https://registry.npmjs.org/sqlite3
58 silly registry.get cb [ 304,
58 silly registry.get   { server: 'CouchDB/1.3.0 (Erlang OTP/R15B03)',
58 silly registry.get     etag: '"6CA1MLLWIUC6TF4BWJAJN698R"',
58 silly registry.get     date: 'Sun, 05 May 2013 14:10:14 GMT',
58 silly registry.get     'content-length': '0' } ]
59 verbose etag sqlite3 from cache
60 silly addNameRange number 2 { name: 'sqlite3', range: '>=2.1.0- <2.2.0-', hasData: true }
61 silly addNameRange versions [ 'sqlite3',
61 silly addNameRange   [ '2.0.0',
61 silly addNameRange     '2.0.1',
61 silly addNameRange     '2.0.2',
61 silly addNameRange     '2.0.3',
61 silly addNameRange     '2.0.4',
61 silly addNameRange     '2.0.5',
61 silly addNameRange     '2.0.6',
61 silly addNameRange     '2.0.7',
61 silly addNameRange     '2.0.8',
61 silly addNameRange     '2.0.9',
61 silly addNameRange     '2.0.10',
61 silly addNameRange     '2.0.11',
61 silly addNameRange     '2.0.12',
61 silly addNameRange     '2.0.13',
61 silly addNameRange     '2.0.14',
61 silly addNameRange     '2.0.15',
61 silly addNameRange     '2.0.16',
61 silly addNameRange     '2.0.17',
61 silly addNameRange     '2.0.18',
61 silly addNameRange     '2.1.0',
61 silly addNameRange     '2.1.1',
61 silly addNameRange     '2.1.2',
61 silly addNameRange     '2.1.3',
61 silly addNameRange     '2.1.4',
61 silly addNameRange     '2.1.5',
61 silly addNameRange     '2.1.7' ] ]
62 verbose addNamed [ 'sqlite3', '2.1.7' ]
63 verbose addNamed [ '2.1.7', '2.1.7' ]
64 silly lockFile cb8bb12f-sqlite3-2-1-7 sqlite3@2.1.7
65 verbose lock sqlite3@2.1.7 /Users/Dikshyant/.npm/cb8bb12f-sqlite3-2-1-7.lock
66 verbose read json /Users/Dikshyant/.npm/sqlite3/2.1.7/package/package.json
67 silly lockFile cb8bb12f-sqlite3-2-1-7 sqlite3@2.1.7
68 silly lockFile cb8bb12f-sqlite3-2-1-7 sqlite3@2.1.7
69 silly lockFile f8e0a811-sqlite3-2-1-x sqlite3@2.1.x
70 silly lockFile f8e0a811-sqlite3-2-1-x sqlite3@2.1.x
71 silly resolved [ { name: 'sqlite3',
71 silly resolved     description: 'Asynchronous, non-blocking SQLite3 bindings',
71 silly resolved     version: '2.1.7',
71 silly resolved     homepage: 'http://github.com/developmentseed/node-sqlite3',
71 silly resolved     author:
71 silly resolved      { name: 'Development Seed',
71 silly resolved        email: 'info@developmentseed.org',
71 silly resolved        url: 'http://developmentseed.org/' },
71 silly resolved     contributors:
71 silly resolved      [ [Object],
71 silly resolved        [Object],
71 silly resolved        [Object],
71 silly resolved        [Object],
71 silly resolved        [Object],
71 silly resolved        [Object],
71 silly resolved        [Object],
71 silly resolved        [Object],
71 silly resolved        [Object],
71 silly resolved        [Object],
71 silly resolved        [Object],
71 silly resolved        [Object],
71 silly resolved        [Object],
71 silly resolved        [Object] ],
71 silly resolved     repository:
71 silly resolved      { type: 'git',
71 silly resolved        url: 'git://github.com/developmentseed/node-sqlite3.git' },
71 silly resolved     devDependencies: { step: '0.0.4', mocha: '~1.7' },
71 silly resolved     engines: { node: '>= 0.6.13 && < 0.11.0' },
71 silly resolved     scripts: { test: 'mocha -R spec', install: 'node-gyp rebuild' },
71 silly resolved     licenses: [ [Object] ],
71 silly resolved     main: './lib/sqlite3',
71 silly resolved     gypfile: true,
71 silly resolved     readme: '# NAME\n\nnode-sqlite3 - Asynchronous, non-blocking [SQLite3](http://sqlite.org/) bindings for [node.js](https://github.com/joyent/node) 0.2-0.4 (versions 2.0.x), **0.6.13+ and 0.8.x** (versions 2.1.x).\n\n\n\n# USAGE\n\nInstall with `npm install sqlite3`.\n\n``` js\nvar sqlite3 = require(\'sqlite3\').verbose();\nvar db = new sqlite3.Database(\':memory:\');\n\ndb.serialize(function() {\n  db.run("CREATE TABLE lorem (info TEXT)");\n\n  var stmt = db.prepare("INSERT INTO lorem VALUES (?)");\n  for (var i = 0; i < 10; i++) {\n      stmt.run("Ipsum " + i);\n  }\n  stmt.finalize();\n\n  db.each("SELECT rowid AS id, info FROM lorem", function(err, row) {\n      console.log(row.id + ": " + row.info);\n  });\n});\n\ndb.close();\n```\n\n\n\n# FEATURES\n\n* Straightforward query and parameter binding interface\n* Full Buffer/Blob support\n* Extensive [debugging support](https://github.com/developmentseed/node-sqlite3/wiki/Debugging)\n* [Query serialization](https://github.com/developmentseed/node-sqlite3/wiki/Control-Flow) API\n* [Extension support](https://github.com/developmentseed/node-sqlite3/wiki/Extensions)\n* Big test suite\n* Written in modern C++ and tested for memory leaks\n\n\n\n# API\n\nSee the [API documentation](https://github.com/developmentseed/node-sqlite3/wiki) in the wiki.\n\n\n# BUILDING\n\nMake sure you have the sources for `sqlite3` installed. Mac OS X ships with these by default. If you don\'t have them installed, install the `-dev` package with your package manager, e.g. `apt-get install libsqlite3-dev` for Debian/Ubuntu. Make sure that you have at least `libsqlite3` >= 3.6.\n\nBulding also requires node-gyp to be installed. You can do this with npm:\n\n    npm install -g node-gyp\n\nTo obtain and build the bindings:\n\n    git clone git://github.com/developmentseed/node-sqlite3.git\n    cd node-sqlite3\n    ./configure\n    make\n\nYou can also use [`npm`](https://github.com/isaacs/npm) to download and install them:\n\n    npm install sqlite3\n\n\n\n# TESTS\n\n[expresso](https://github.com/visionmedia/expresso) is required to run unit tests.\n\n    npm install expresso\n    make test\n\n\n\n# CONTRIBUTORS\n\n* [Konstantin Käfer](https://github.com/kkaefer)\n* [Dane Springmeyer](https://github.com/springmeyer)\n* [Will White](https://github.com/willwhite)\n* [Orlando Vazquez](https://github.com/orlandov)\n* [Artem Kustikov](https://github.com/artiz)\n* [Eric Fredricksen](https://github.com/grumdrig)\n* [John Wright](https://github.com/mrjjwright)\n* [Ryan Dahl](https://github.com/ry)\n* [Tom MacWright](https://github.com/tmcw)\n* [Carter Thaxton](https://github.com/carter-thaxton)\n* [Audrius Kažukauskas](https://github.com/audriusk)\n* [Johannes Schauer](https://github.com/pyneo)\n\n\n\n# ACKNOWLEDGEMENTS\n\nThanks to [Orlando Vazquez](https://github.com/orlandov),\n[Eric Fredricksen](https://github.com/grumdrig) and\n[Ryan Dahl](https://github.com/ry) for their SQLite bindings for node, and to mraleph on Freenode\'s #v8 for answering questions.\n\nDevelopment of this module is sponsored by [Development Seed](http://developmentseed.org/).\n\n\n# LICENSE\n\n`node-sqlite3` is [BSD licensed](https://github.com/developmentseed/node-sqlite3/raw/master/LICENSE).\n',
71 silly resolved     readmeFilename: 'README.md',
71 silly resolved     _id: 'sqlite3@2.1.7',
71 silly resolved     _from: 'sqlite3@2.1.x' } ]
72 info install sqlite3@2.1.7 into /Users/Dikshyant/cs132_final
73 info installOne sqlite3@2.1.7
74 verbose from cache /Users/Dikshyant/.npm/sqlite3/2.1.7/package/package.json
75 info /Users/Dikshyant/cs132_final/node_modules/sqlite3 unbuild
76 verbose read json /Users/Dikshyant/cs132_final/node_modules/sqlite3/package.json
77 verbose tar unpack /Users/Dikshyant/.npm/sqlite3/2.1.7/package.tgz
78 silly lockFile 1dd25a6d-cs132-final-node-modules-sqlite3 /Users/Dikshyant/cs132_final/node_modules/sqlite3
79 verbose lock /Users/Dikshyant/cs132_final/node_modules/sqlite3 /Users/Dikshyant/.npm/1dd25a6d-cs132-final-node-modules-sqlite3.lock
80 silly lockFile eeb43e85-nt-npm-sqlite3-2-1-7-package-tgz /Users/Dikshyant/.npm/sqlite3/2.1.7/package.tgz
81 verbose lock /Users/Dikshyant/.npm/sqlite3/2.1.7/package.tgz /Users/Dikshyant/.npm/eeb43e85-nt-npm-sqlite3-2-1-7-package-tgz.lock
82 silly gunzTarPerm modes [ '755', '644' ]
83 silly gunzTarPerm extractEntry package.json
84 silly gunzTarPerm extractEntry .npmignore
85 silly gunzTarPerm extractEntry README.md
86 silly gunzTarPerm extractEntry LICENSE
87 silly gunzTarPerm extractEntry sqlite3.js
88 silly gunzTarPerm extractEntry binding.gyp
89 silly gunzTarPerm extractEntry configure
90 silly gunzTarPerm extractEntry Makefile
91 silly gunzTarPerm extractEntry examples/simple-chaining.js
92 silly gunzTarPerm extractEntry lib/index.js
93 silly gunzTarPerm extractEntry lib/sqlite3.js
94 silly gunzTarPerm extractEntry lib/trace.js
95 silly gunzTarPerm extractEntry test/affected.test.js
96 silly gunzTarPerm extractEntry test/fts-content.test.js
97 silly gunzTarPerm extractEntry test/map.test.js
98 silly gunzTarPerm extractEntry test/named_columns.test.js
99 silly gunzTarPerm extractEntry test/extension.test.js
100 silly gunzTarPerm extractEntry test/blob.test.js
101 silly gunzTarPerm extractEntry test/open_close.test.js
102 silly gunzTarPerm extractEntry test/other_objects.test.js
103 silly gunzTarPerm extractEntry test/parallel_insert.test.js
104 silly gunzTarPerm extractEntry test/prepare.test.js
105 silly gunzTarPerm extractEntry test/exec.test.js
106 silly gunzTarPerm extractEntry test/profile.test.js
107 silly gunzTarPerm extractEntry test/each.test.js
108 silly gunzTarPerm extractEntry test/rerun.test.js
109 silly gunzTarPerm extractEntry test/database_fail.test.js
110 silly gunzTarPerm extractEntry test/scheduling.test.js
111 silly gunzTarPerm extractEntry test/constants.test.js
112 silly gunzTarPerm extractEntry test/serialization.test.js
113 silly gunzTarPerm extractEntry test/cache.test.js
114 silly gunzTarPerm extractEntry test/trace.test.js
115 silly gunzTarPerm extractEntry test/named_params.test.js
116 silly gunzTarPerm extractEntry test/unicode.test.js
117 silly gunzTarPerm extractEntry test/null_error.test.js
118 silly gunzTarPerm extractEntry test/support/createdb.js
119 silly gunzTarPerm extractEntry test/support/helper.js
120 silly gunzTarPerm extractEntry test/support/elmo.png
121 silly gunzTarPerm extractEntry test/support/prepare.db
122 silly gunzTarPerm extractEntry test/support/script.sql
123 silly gunzTarPerm extractEntry benchmark/insert.js
124 silly gunzTarPerm extractEntry benchmark/insert-transaction.sql
125 silly gunzTarPerm extractEntry src/async.h
126 silly gunzTarPerm extractEntry src/database.cc
127 silly gunzTarPerm extractEntry src/database.h
128 silly gunzTarPerm extractEntry src/macros.h
129 silly gunzTarPerm extractEntry src/node_sqlite3.cc
130 silly gunzTarPerm extractEntry src/statement.cc
131 silly gunzTarPerm extractEntry src/statement.h
132 silly gunzTarPerm extractEntry src/threading.h
133 silly gunzTarPerm extractEntry deps/sqlite3/README
134 silly gunzTarPerm extractEntry deps/sqlite3/install-sh
135 silly gunzTarPerm extractEntry deps/sqlite3/Makefile.in
136 silly gunzTarPerm extractEntry deps/sqlite3/INSTALL
137 silly gunzTarPerm extractEntry deps/sqlite3/aclocal.m4
138 silly gunzTarPerm extractEntry deps/sqlite3/binding.gyp
139 silly gunzTarPerm extractEntry deps/sqlite3/config.guess
140 silly gunzTarPerm extractEntry deps/sqlite3/config.sub
141 silly gunzTarPerm extractEntry deps/sqlite3/configure
142 silly gunzTarPerm extractEntry deps/sqlite3/configure.ac
143 silly gunzTarPerm extractEntry deps/sqlite3/depcomp
144 silly gunzTarPerm extractEntry deps/sqlite3/Makefile.am
145 silly gunzTarPerm extractEntry deps/sqlite3/ltmain.sh
146 silly gunzTarPerm extractEntry deps/sqlite3/missing
147 silly gunzTarPerm extractEntry deps/sqlite3/shell.c
148 silly gunzTarPerm extractEntry deps/sqlite3/sqlite3.1
149 silly gunzTarPerm extractEntry deps/sqlite3/sqlite3.c
150 silly gunzTarPerm extractEntry deps/sqlite3/sqlite3.h
151 silly gunzTarPerm extractEntry deps/sqlite3/sqlite3.pc
152 silly gunzTarPerm extractEntry deps/sqlite3/sqlite3.pc.in
153 silly gunzTarPerm extractEntry deps/sqlite3/sqlite3ext.h
154 silly gunzTarPerm extractEntry deps/sqlite3/tea/README
155 silly gunzTarPerm extractEntry deps/sqlite3/tea/doc/sqlite3.n
156 silly gunzTarPerm extractEntry deps/sqlite3/tea/aclocal.m4
157 silly gunzTarPerm extractEntry deps/sqlite3/tea/configure
158 silly gunzTarPerm extractEntry deps/sqlite3/tea/configure.in
159 silly gunzTarPerm extractEntry deps/sqlite3/tea/Makefile.in
160 silly gunzTarPerm extractEntry deps/sqlite3/tea/generic/tclsqlite3.c
161 silly gunzTarPerm extractEntry deps/sqlite3/tea/license.terms
162 silly gunzTarPerm extractEntry deps/sqlite3/tea/pkgIndex.tcl.in
163 silly gunzTarPerm extractEntry deps/sqlite3/tea/tclconfig/install-sh
164 silly gunzTarPerm extractEntry deps/sqlite3/tea/tclconfig/tcl.m4
165 silly gunzTarPerm extractEntry deps/sqlite3/tea/win/makefile.vc
166 silly gunzTarPerm extractEntry deps/sqlite3/tea/win/nmakehlp.c
167 silly gunzTarPerm extractEntry deps/sqlite3/tea/win/rules.vc
168 verbose read json /Users/Dikshyant/cs132_final/node_modules/sqlite3/package.json
169 silly lockFile 1dd25a6d-cs132-final-node-modules-sqlite3 /Users/Dikshyant/cs132_final/node_modules/sqlite3
170 silly lockFile 1dd25a6d-cs132-final-node-modules-sqlite3 /Users/Dikshyant/cs132_final/node_modules/sqlite3
171 silly lockFile eeb43e85-nt-npm-sqlite3-2-1-7-package-tgz /Users/Dikshyant/.npm/sqlite3/2.1.7/package.tgz
172 silly lockFile eeb43e85-nt-npm-sqlite3-2-1-7-package-tgz /Users/Dikshyant/.npm/sqlite3/2.1.7/package.tgz
173 info preinstall sqlite3@2.1.7
174 verbose from cache /Users/Dikshyant/cs132_final/node_modules/sqlite3/package.json
175 verbose readDependencies using package.json deps
176 verbose from cache /Users/Dikshyant/cs132_final/node_modules/sqlite3/package.json
177 verbose readDependencies using package.json deps
178 silly resolved []
179 verbose about to build /Users/Dikshyant/cs132_final/node_modules/sqlite3
180 info build /Users/Dikshyant/cs132_final/node_modules/sqlite3
181 verbose from cache /Users/Dikshyant/cs132_final/node_modules/sqlite3/package.json
182 verbose linkStuff [ false,
182 verbose linkStuff   false,
182 verbose linkStuff   false,
182 verbose linkStuff   '/Users/Dikshyant/cs132_final/node_modules' ]
183 info linkStuff sqlite3@2.1.7
184 verbose linkBins sqlite3@2.1.7
185 verbose linkMans sqlite3@2.1.7
186 verbose rebuildBundles sqlite3@2.1.7
187 info install sqlite3@2.1.7
188 verbose unsafe-perm in lifecycle true
189 silly exec sh "-c" "node-gyp rebuild"
190 silly sh,-c,node-gyp rebuild,/Users/Dikshyant/cs132_final/node_modules/sqlite3 spawning
191 info sqlite3@2.1.7 Failed to exec install script
192 info /Users/Dikshyant/cs132_final/node_modules/sqlite3 unbuild
193 verbose from cache /Users/Dikshyant/cs132_final/node_modules/sqlite3/package.json
194 info preuninstall sqlite3@2.1.7
195 info uninstall sqlite3@2.1.7
196 verbose true,/Users/Dikshyant/cs132_final/node_modules,/Users/Dikshyant/cs132_final/node_modules unbuild sqlite3@2.1.7
197 info postuninstall sqlite3@2.1.7
198 error sqlite3@2.1.7 install: `node-gyp rebuild`
198 error `sh "-c" "node-gyp rebuild"` failed with 1
199 error Failed at the sqlite3@2.1.7 install script.
199 error This is most likely a problem with the sqlite3 package,
199 error not with npm itself.
199 error Tell the author that this fails on your system:
199 error     node-gyp rebuild
199 error You can get their info via:
199 error     npm owner ls sqlite3
199 error There is likely additional logging output above.
200 error System Darwin 12.3.0
201 error command "node" "/usr/local/bin/npm" "install"
202 error cwd /Users/Dikshyant/cs132_final
203 error node -v v0.10.3
204 error npm -v 1.2.17
205 error code ELIFECYCLE
206 verbose exit [ 1, true ]
